# JRE version: Java(TM) SE Runtime Environment (8.0_101-b13) (build 1.8.0_101-b13)
# Java VM: Java HotSpot(TM) 64-Bit Server VM (25.101-b13 mixed mode windows-amd64 compressed oops)
Heap:
 PSYoungGen      total 460288K, used 215371K [0x00000000e0000000, 0x00000000ffe00000, 0x0000000100000000)
  eden space 400384K, 52% used [0x00000000e0000000,0x00000000ecbcc2c0,0x00000000f8700000)
  from space 59904K, 11% used [0x00000000fc380000,0x00000000fca06ca8,0x00000000ffe00000)
  to   space 60928K, 0% used [0x00000000f8700000,0x00000000f8700000,0x00000000fc280000)
 ParOldGen       total 193536K, used 151780K [0x00000000a0000000, 0x00000000abd00000, 0x00000000e0000000)
  object space 193536K, 78% used [0x00000000a0000000,0x00000000a94390c0,0x00000000abd00000)
 Metaspace       used 77330K, capacity 82390K, committed 82708K, reserved 1122304K
  class space    used 9885K, capacity 10556K, committed 10772K, reserved 1048576K
GC Heap History (10 events):
Event: 2384.860 GC heap before
{Heap before GC invocations=22 (full 4):
 PSYoungGen      total 451072K, used 41463K [0x00000000e0000000, 0x0000000100000000, 0x0000000100000000)
  eden space 409600K, 0% used [0x00000000e0000000,0x00000000e0000000,0x00000000f9000000)
  from space 41472K, 99% used [0x00000000fd780000,0x00000000ffffde58,0x0000000100000000)
  to   space 57344K, 0% used [0x00000000f9000000,0x00000000f9000000,0x00000000fc800000)
 ParOldGen       total 121344K, used 114237K [0x00000000a0000000, 0x00000000a7680000, 0x00000000e0000000)
  object space 121344K, 94% used [0x00000000a0000000,0x00000000a6f8f638,0x00000000a7680000)
 Metaspace       used 76113K, capacity 80736K, committed 81044K, reserved 1120256K
  class space    used 9837K, capacity 10568K, committed 10644K, reserved 1048576K
Event: 2385.435 GC heap after
Heap after GC invocations=22 (full 4):
 PSYoungGen      total 451072K, used 0K [0x00000000e0000000, 0x0000000100000000, 0x0000000100000000)
  eden space 409600K, 0% used [0x00000000e0000000,0x00000000e0000000,0x00000000f9000000)
  from space 41472K, 0% used [0x00000000fd780000,0x00000000fd780000,0x0000000100000000)
  to   space 57344K, 0% used [0x00000000f9000000,0x00000000f9000000,0x00000000fc800000)
 ParOldGen       total 193536K, used 103528K [0x00000000a0000000, 0x00000000abd00000, 0x00000000e0000000)
  object space 193536K, 53% used [0x00000000a0000000,0x00000000a651a028,0x00000000abd00000)
 Metaspace       used 74351K, capacity 77910K, committed 81044K, reserved 1120256K
  class space    used 9455K, capacity 9968K, committed 10644K, reserved 1048576K
}
Event: 2386.342 GC heap before
{Heap before GC invocations=23 (full 4):
 PSYoungGen      total 451072K, used 409600K [0x00000000e0000000, 0x0000000100000000, 0x0000000100000000)
  eden space 409600K, 100% used [0x00000000e0000000,0x00000000f9000000,0x00000000f9000000)
  from space 41472K, 0% used [0x00000000fd780000,0x00000000fd780000,0x0000000100000000)
  to   space 57344K, 0% used [0x00000000f9000000,0x00000000f9000000,0x00000000fc800000)
 ParOldGen       total 193536K, used 103528K [0x00000000a0000000, 0x00000000abd00000, 0x00000000e0000000)
  object space 193536K, 53% used [0x00000000a0000000,0x00000000a651a028,0x00000000abd00000)
 Metaspace       used 74439K, capacity 77974K, committed 81044K, reserved 1120256K
  class space    used 9455K, capacity 9968K, committed 10644K, reserved 1048576K
Event: 2386.386 GC heap after
Heap after GC invocations=23 (full 4):
 PSYoungGen      total 464384K, used 54674K [0x00000000e0000000, 0x0000000100000000, 0x0000000100000000)
  eden space 409600K, 0% used [0x00000000e0000000,0x00000000e0000000,0x00000000f9000000)
  from space 54784K, 99% used [0x00000000f9000000,0x00000000fc5648c8,0x00000000fc580000)
  to   space 59904K, 0% used [0x00000000fc580000,0x00000000fc580000,0x0000000100000000)
 ParOldGen       total 193536K, used 103528K [0x00000000a0000000, 0x00000000abd00000, 0x00000000e0000000)
  object space 193536K, 53% used [0x00000000a0000000,0x00000000a651a028,0x00000000abd00000)
 Metaspace       used 74439K, capacity 77974K, committed 81044K, reserved 1120256K
  class space    used 9455K, capacity 9968K, committed 10644K, reserved 1048576K
}
Event: 2387.597 GC heap before
{Heap before GC invocations=24 (full 4):
 PSYoungGen      total 464384K, used 464274K [0x00000000e0000000, 0x0000000100000000, 0x0000000100000000)
  eden space 409600K, 100% used [0x00000000e0000000,0x00000000f9000000,0x00000000f9000000)
  from space 54784K, 99% used [0x00000000f9000000,0x00000000fc5648c8,0x00000000fc580000)
  to   space 59904K, 0% used [0x00000000fc580000,0x00000000fc580000,0x0000000100000000)
 ParOldGen       total 193536K, used 103528K [0x00000000a0000000, 0x00000000abd00000, 0x00000000e0000000)
  object space 193536K, 53% used [0x00000000a0000000,0x00000000a651a028,0x00000000abd00000)
 Metaspace       used 74511K, capacity 78134K, committed 81044K, reserved 1120256K
  class space    used 9457K, capacity 10000K, committed 10644K, reserved 1048576K
Event: 2387.638 GC heap after
Heap after GC invocations=24 (full 4):
 PSYoungGen      total 460288K, used 24468K [0x00000000e0000000, 0x0000000100000000, 0x0000000100000000)
  eden space 400384K, 0% used [0x00000000e0000000,0x00000000e0000000,0x00000000f8700000)
  from space 59904K, 40% used [0x00000000fc580000,0x00000000fdd65398,0x0000000100000000)
  to   space 61952K, 0% used [0x00000000f8700000,0x00000000f8700000,0x00000000fc380000)
 ParOldGen       total 193536K, used 128852K [0x00000000a0000000, 0x00000000abd00000, 0x00000000e0000000)
  object space 193536K, 66% used [0x00000000a0000000,0x00000000a7dd5120,0x00000000abd00000)
 Metaspace       used 74511K, capacity 78134K, committed 81044K, reserved 1120256K
  class space    used 9457K, capacity 10000K, committed 10644K, reserved 1048576K
}
Event: 2947.642 GC heap before
{Heap before GC invocations=25 (full 4):
 PSYoungGen      total 460288K, used 424852K [0x00000000e0000000, 0x0000000100000000, 0x0000000100000000)
  eden space 400384K, 100% used [0x00000000e0000000,0x00000000f8700000,0x00000000f8700000)
  from space 59904K, 40% used [0x00000000fc580000,0x00000000fdd65398,0x0000000100000000)
  to   space 61952K, 0% used [0x00000000f8700000,0x00000000f8700000,0x00000000fc380000)
 ParOldGen       total 193536K, used 128852K [0x00000000a0000000, 0x00000000abd00000, 0x00000000e0000000)
  object space 193536K, 66% used [0x00000000a0000000,0x00000000a7dd5120,0x00000000abd00000)
 Metaspace       used 75969K, capacity 79630K, committed 81812K, reserved 1120256K
  class space    used 9654K, capacity 10192K, committed 10644K, reserved 1048576K
Event: 2947.666 GC heap after
Heap after GC invocations=25 (full 4):
 PSYoungGen      total 462336K, used 6886K [0x00000000e0000000, 0x0000000100000000, 0x0000000100000000)
  eden space 400384K, 0% used [0x00000000e0000000,0x00000000e0000000,0x00000000f8700000)
  from space 61952K, 11% used [0x00000000f8700000,0x00000000f8db9a00,0x00000000fc380000)
  to   space 61952K, 0% used [0x00000000fc380000,0x00000000fc380000,0x0000000100000000)
 ParOldGen       total 193536K, used 148816K [0x00000000a0000000, 0x00000000abd00000, 0x00000000e0000000)
  object space 193536K, 76% used [0x00000000a0000000,0x00000000a91540f0,0x00000000abd00000)
 Metaspace       used 75969K, capacity 79630K, committed 81812K, reserved 1120256K
  class space    used 9654K, capacity 10192K, committed 10644K, reserved 1048576K
}
Event: 3194.241 GC heap before
{Heap before GC invocations=26 (full 4):
 PSYoungGen      total 462336K, used 407270K [0x00000000e0000000, 0x0000000100000000, 0x0000000100000000)
  eden space 400384K, 100% used [0x00000000e0000000,0x00000000f8700000,0x00000000f8700000)
  from space 61952K, 11% used [0x00000000f8700000,0x00000000f8db9a00,0x00000000fc380000)
  to   space 61952K, 0% used [0x00000000fc380000,0x00000000fc380000,0x0000000100000000)
 ParOldGen       total 193536K, used 148816K [0x00000000a0000000, 0x00000000abd00000, 0x00000000e0000000)
  object space 193536K, 76% used [0x00000000a0000000,0x00000000a91540f0,0x00000000abd00000)
 Metaspace       used 76829K, capacity 81316K, committed 82324K, reserved 1120256K
  class space    used 9797K, capacity 10405K, committed 10644K, reserved 1048576K
Event: 3194.252 GC heap after
Heap after GC invocations=26 (full 4):
 PSYoungGen      total 460288K, used 6683K [0x00000000e0000000, 0x00000000ffe00000, 0x0000000100000000)
  eden space 400384K, 0% used [0x00000000e0000000,0x00000000e0000000,0x00000000f8700000)
  from space 59904K, 11% used [0x00000000fc380000,0x00000000fca06ca8,0x00000000ffe00000)
  to   space 60928K, 0% used [0x00000000f8700000,0x00000000f8700000,0x00000000fc280000)
 ParOldGen       total 193536K, used 151780K [0x00000000a0000000, 0x00000000abd00000, 0x00000000e0000000)
  object space 193536K, 78% used [0x00000000a0000000,0x00000000a94390c0,0x00000000abd00000)
 Metaspace       used 76829K, capacity 81316K, committed 82324K, reserved 1120256K
  class space    used 9797K, capacity 10405K, committed 10644K, reserved 1048576K
}

